<?xml version="1.0" encoding="UTF-8"?>
<!-- Generated by org.testng.reporters.JUnitXMLReporter -->
<testsuite hostname="DESKTOP-6A0KAN1" name="Default test" tests="3" failures="0" timestamp="22 Sep 2019 15:49:42 GMT" time="18.082" errors="0">
  <testcase name="MainPageLoad1" time="11.57" classname="Practise1.PractisePage"/>
  <testcase name="MainPageLoad2" time="6.467" classname="Practise1.PractisePage"/>
  <testcase name="NameCheck" time="0.027" classname="Practise1.PractisePage"/>
</testsuite> <!-- Default test -->
