<?xml version="1.0" encoding="UTF-8"?>
<!-- Generated by org.testng.reporters.JUnitXMLReporter -->
<testsuite hostname="DESKTOP-6A0KAN1" name="Test" tests="4" failures="0" timestamp="22 Sep 2019 17:07:02 GMT" time="28.615" errors="0">
  <testcase name="MainPageLoad" time="11.612" classname="Practise1.MainPage"/>
  <testcase name="MainPageLoad1" time="10.54" classname="Practise1.PractisePage"/>
  <testcase name="MainPageLoad2" time="6.415" classname="Practise1.PractisePage"/>
  <testcase name="NameCheck" time="0.026" classname="Practise1.PractisePage"/>
</testsuite> <!-- Test -->
