<?xml version="1.0" encoding="UTF-8"?>
<!-- Generated by org.testng.reporters.JUnitXMLReporter -->
<testsuite hostname="DESKTOP-6A0KAN1" name="Test" tests="4" failures="0" timestamp="22 Sep 2019 19:32:23 GMT" time="29.908" errors="0">
  <testcase name="MainPageLoad" time="12.342" classname="Practise1.MainPage"/>
  <testcase name="MainPageLoad1" time="11.114" classname="Practise1.PractisePage"/>
  <testcase name="MainPageLoad2" time="6.414" classname="Practise1.PractisePage"/>
  <testcase name="NameCheck" time="0.026" classname="Practise1.PractisePage"/>
</testsuite> <!-- Test -->
